2021-04-26 15:17:19.063  INFO 22255 --- [main] c.m.test.SpringWebTestApplicationTests   : Starting SpringWebTestApplicationTests on Mithileshs-MacBook-Pro.local with PID 22255 (started by mithileshpatel in /Users/mithileshpatel/MyWorkspace/SpringWebTest)
2021-04-26 15:17:19.065  INFO 22255 --- [main] c.m.test.SpringWebTestApplicationTests   : No active profile set, falling back to default profiles: default
2021-04-26 15:17:20.073  INFO 22255 --- [main] o.s.s.concurrent.ThreadPoolTaskExecutor  : Initializing ExecutorService 'applicationTaskExecutor'
2021-04-26 15:17:20.408  INFO 22255 --- [main] o.s.b.a.e.web.EndpointLinksResolver      : Exposing 2 endpoint(s) beneath base path '/actuator'
2021-04-26 15:17:20.455  INFO 22255 --- [main] c.m.test.SpringWebTestApplicationTests   : Started SpringWebTestApplicationTests in 1.562 seconds (JVM running for 2.226)
2021-04-26 15:17:20.711  INFO 22255 --- [SpringContextShutdownHook] o.s.s.concurrent.ThreadPoolTaskExecutor  : Shutting down ExecutorService 'applicationTaskExecutor'
2021-04-26 15:17:23.247  INFO 22262 --- [main] c.m.test.SpringWebTestApplication        : Starting SpringWebTestApplication on Mithileshs-MacBook-Pro.local with PID 22262 (/Users/mithileshpatel/MyWorkspace/SpringWebTest/target/classes started by mithileshpatel in /Users/mithileshpatel/MyWorkspace/SpringWebTest)
2021-04-26 15:17:23.250  INFO 22262 --- [main] c.m.test.SpringWebTestApplication        : No active profile set, falling back to default profiles: default
2021-04-26 15:17:24.213  INFO 22262 --- [main] o.s.b.w.embedded.tomcat.TomcatWebServer  : Tomcat initialized with port(s): 8080 (http)
2021-04-26 15:17:24.223  INFO 22262 --- [main] o.apache.catalina.core.StandardService   : Starting service [Tomcat]
2021-04-26 15:17:24.223  INFO 22262 --- [main] org.apache.catalina.core.StandardEngine  : Starting Servlet engine: [Apache Tomcat/9.0.45]
2021-04-26 15:17:24.302  INFO 22262 --- [main] o.a.c.c.C.[Tomcat].[localhost].[/]       : Initializing Spring embedded WebApplicationContext
2021-04-26 15:17:24.302  INFO 22262 --- [main] w.s.c.ServletWebServerApplicationContext : Root WebApplicationContext: initialization completed in 1008 ms
2021-04-26 15:17:24.585  INFO 22262 --- [main] o.s.s.concurrent.ThreadPoolTaskExecutor  : Initializing ExecutorService 'applicationTaskExecutor'
2021-04-26 15:17:24.792  INFO 22262 --- [main] o.s.b.a.e.web.EndpointLinksResolver      : Exposing 2 endpoint(s) beneath base path '/actuator'
2021-04-26 15:17:24.851  INFO 22262 --- [main] o.s.b.w.embedded.tomcat.TomcatWebServer  : Tomcat started on port(s): 8080 (http) with context path ''
2021-04-26 15:17:24.864  INFO 22262 --- [main] c.m.test.SpringWebTestApplication        : Started SpringWebTestApplication in 1.944 seconds (JVM running for 2.376)
2021-04-26 15:45:44.780  INFO 27878 --- [main] c.m.test.SpringWebTestApplication        : Starting SpringWebTestApplication v1.0 on Mithileshs-MacBook-Pro.local with PID 27878 (/Users/mithileshpatel/MyWorkspace/SpringWebTest/target/spring-web-test.jar started by mithileshpatel in /Users/mithileshpatel/MyWorkspace/SpringWebTest)
2021-04-26 15:45:44.782  INFO 27878 --- [main] c.m.test.SpringWebTestApplication        : The following profiles are active: ist
2021-04-26 15:45:45.929  INFO 27878 --- [main] o.s.b.w.embedded.tomcat.TomcatWebServer  : Tomcat initialized with port(s): 8082 (http)
2021-04-26 15:45:45.944  INFO 27878 --- [main] o.apache.catalina.core.StandardService   : Starting service [Tomcat]
2021-04-26 15:45:45.944  INFO 27878 --- [main] org.apache.catalina.core.StandardEngine  : Starting Servlet engine: [Apache Tomcat/9.0.45]
2021-04-26 15:45:46.010  INFO 27878 --- [main] o.a.c.c.C.[Tomcat].[localhost].[/]       : Initializing Spring embedded WebApplicationContext
2021-04-26 15:45:46.010  INFO 27878 --- [main] w.s.c.ServletWebServerApplicationContext : Root WebApplicationContext: initialization completed in 1163 ms
2021-04-26 15:45:46.255  INFO 27878 --- [main] o.s.s.concurrent.ThreadPoolTaskExecutor  : Initializing ExecutorService 'applicationTaskExecutor'
2021-04-26 15:45:46.480  INFO 27878 --- [main] o.s.b.a.e.web.EndpointLinksResolver      : Exposing 2 endpoint(s) beneath base path '/actuator'
2021-04-26 15:45:46.531  INFO 27878 --- [main] o.s.b.w.embedded.tomcat.TomcatWebServer  : Tomcat started on port(s): 8082 (http) with context path ''
2021-04-26 15:45:46.546  INFO 27878 --- [main] c.m.test.SpringWebTestApplication        : Started SpringWebTestApplication in 2.124 seconds (JVM running for 2.469)
2021-04-26 15:55:23.335  INFO 22262 --- [SpringContextShutdownHook] o.s.s.concurrent.ThreadPoolTaskExecutor  : Shutting down ExecutorService 'applicationTaskExecutor'
2021-04-26 15:59:47.674  INFO 28087 --- [main] c.m.test.SpringWebTestApplication        : Starting SpringWebTestApplication on Mithileshs-MacBook-Pro.local with PID 28087 (/Users/mithileshpatel/MyWorkspace/SpringWebTest/target/classes started by mithileshpatel in /Users/mithileshpatel/MyWorkspace/SpringWebTest)
2021-04-26 15:59:47.678  INFO 28087 --- [main] c.m.test.SpringWebTestApplication        : No active profile set, falling back to default profiles: default
2021-04-26 15:59:48.820  INFO 28087 --- [main] o.s.b.w.embedded.tomcat.TomcatWebServer  : Tomcat initialized with port(s): 8080 (http)
2021-04-26 15:59:48.830  INFO 28087 --- [main] o.apache.catalina.core.StandardService   : Starting service [Tomcat]
2021-04-26 15:59:48.830  INFO 28087 --- [main] org.apache.catalina.core.StandardEngine  : Starting Servlet engine: [Apache Tomcat/9.0.45]
2021-04-26 15:59:48.896  INFO 28087 --- [main] o.a.c.c.C.[Tomcat].[localhost].[/]       : Initializing Spring embedded WebApplicationContext
2021-04-26 15:59:48.897  INFO 28087 --- [main] w.s.c.ServletWebServerApplicationContext : Root WebApplicationContext: initialization completed in 1157 ms
2021-04-26 15:59:49.187  INFO 28087 --- [main] o.s.s.concurrent.ThreadPoolTaskExecutor  : Initializing ExecutorService 'applicationTaskExecutor'
2021-04-26 15:59:49.394  INFO 28087 --- [main] o.s.b.a.e.web.EndpointLinksResolver      : Exposing 2 endpoint(s) beneath base path '/actuator'
2021-04-26 15:59:49.454  INFO 28087 --- [main] o.s.b.w.embedded.tomcat.TomcatWebServer  : Tomcat started on port(s): 8080 (http) with context path ''
2021-04-26 15:59:49.468  INFO 28087 --- [main] c.m.test.SpringWebTestApplication        : Started SpringWebTestApplication in 2.21 seconds (JVM running for 2.661)
2021-04-26 16:00:19.758  INFO 28087 --- [SpringContextShutdownHook] o.s.s.concurrent.ThreadPoolTaskExecutor  : Shutting down ExecutorService 'applicationTaskExecutor'
